{"/home/fand/dev/youstream/youstream.js":{"path":"/home/fand/dev/youstream/youstream.js","s":{"1":1,"2":1,"3":1,"4":1,"5":1,"6":1,"7":16,"8":0,"9":16,"10":16,"11":16,"12":1,"13":0,"14":1,"15":0,"16":1,"17":16,"18":16,"19":16,"20":2,"21":2,"22":14,"23":14,"24":14,"25":0,"26":14,"27":14,"28":14,"29":14,"30":16,"31":16,"32":16,"33":16,"34":16,"35":16,"36":16,"37":1,"38":14,"39":14,"40":14,"41":14,"42":14,"43":1,"44":14,"45":1,"46":14,"47":1,"48":14,"49":0,"50":14,"51":1},"b":{"1":[0,16],"2":[16,0],"3":[1,15],"4":[0,1],"5":[0,1],"6":[2,14],"7":[16,14],"8":[0,14],"9":[1,13],"10":[1,13],"11":[1,13],"12":[0,14]},"f":{"1":16,"2":2,"3":14,"4":14,"5":16,"6":14},"fnMap":{"1":{"name":"(anonymous_1)","line":16,"loc":{"start":{"line":16,"column":22},"end":{"line":16,"column":63}}},"2":{"name":"(anonymous_2)","line":39,"loc":{"start":{"line":39,"column":18},"end":{"line":39,"column":32}}},"3":{"name":"(anonymous_3)","line":44,"loc":{"start":{"line":44,"column":18},"end":{"line":44,"column":32}}},"4":{"name":"(anonymous_4)","line":45,"loc":{"start":{"line":45,"column":29},"end":{"line":45,"column":50}}},"5":{"name":"(anonymous_5)","line":60,"loc":{"start":{"line":60,"column":14},"end":{"line":60,"column":26}}},"6":{"name":"(anonymous_6)","line":82,"loc":{"start":{"line":82,"column":18},"end":{"line":82,"column":50}}}},"statementMap":{"1":{"start":{"line":1,"column":0},"end":{"line":1,"column":43}},"2":{"start":{"line":2,"column":0},"end":{"line":2,"column":23}},"3":{"start":{"line":3,"column":0},"end":{"line":3,"column":27}},"4":{"start":{"line":4,"column":0},"end":{"line":4,"column":25}},"5":{"start":{"line":5,"column":0},"end":{"line":5,"column":33}},"6":{"start":{"line":16,"column":0},"end":{"line":72,"column":2}},"7":{"start":{"line":19,"column":2},"end":{"line":21,"column":3}},"8":{"start":{"line":20,"column":4},"end":{"line":20,"column":17}},"9":{"start":{"line":22,"column":2},"end":{"line":24,"column":3}},"10":{"start":{"line":23,"column":4},"end":{"line":23,"column":30}},"11":{"start":{"line":27,"column":2},"end":{"line":31,"column":3}},"12":{"start":{"line":28,"column":4},"end":{"line":28,"column":77}},"13":{"start":{"line":28,"column":41},"end":{"line":28,"column":75}},"14":{"start":{"line":29,"column":4},"end":{"line":30,"column":77}},"15":{"start":{"line":29,"column":41},"end":{"line":29,"column":75}},"16":{"start":{"line":30,"column":41},"end":{"line":30,"column":75}},"17":{"start":{"line":34,"column":2},"end":{"line":34,"column":28}},"18":{"start":{"line":37,"column":2},"end":{"line":37,"column":18}},"19":{"start":{"line":38,"column":2},"end":{"line":58,"column":3}},"20":{"start":{"line":39,"column":4},"end":{"line":41,"column":6}},"21":{"start":{"line":40,"column":6},"end":{"line":40,"column":22}},"22":{"start":{"line":44,"column":4},"end":{"line":57,"column":6}},"23":{"start":{"line":45,"column":6},"end":{"line":56,"column":9}},"24":{"start":{"line":46,"column":8},"end":{"line":54,"column":9}},"25":{"start":{"line":47,"column":10},"end":{"line":47,"column":50}},"26":{"start":{"line":51,"column":10},"end":{"line":51,"column":44}},"27":{"start":{"line":52,"column":10},"end":{"line":52,"column":60}},"28":{"start":{"line":53,"column":10},"end":{"line":53,"column":45}},"29":{"start":{"line":55,"column":8},"end":{"line":55,"column":24}},"30":{"start":{"line":60,"column":2},"end":{"line":69,"column":5}},"31":{"start":{"line":62,"column":4},"end":{"line":62,"column":51}},"32":{"start":{"line":63,"column":4},"end":{"line":63,"column":42}},"33":{"start":{"line":66,"column":4},"end":{"line":66,"column":64}},"34":{"start":{"line":67,"column":4},"end":{"line":67,"column":49}},"35":{"start":{"line":68,"column":4},"end":{"line":68,"column":35}},"36":{"start":{"line":71,"column":2},"end":{"line":71,"column":16}},"37":{"start":{"line":82,"column":0},"end":{"line":104,"column":2}},"38":{"start":{"line":83,"column":2},"end":{"line":83,"column":16}},"39":{"start":{"line":85,"column":2},"end":{"line":85,"column":46}},"40":{"start":{"line":86,"column":2},"end":{"line":86,"column":15}},"41":{"start":{"line":87,"column":2},"end":{"line":91,"column":3}},"42":{"start":{"line":88,"column":4},"end":{"line":90,"column":5}},"43":{"start":{"line":89,"column":6},"end":{"line":89,"column":29}},"44":{"start":{"line":93,"column":2},"end":{"line":95,"column":3}},"45":{"start":{"line":94,"column":4},"end":{"line":94,"column":53}},"46":{"start":{"line":96,"column":2},"end":{"line":98,"column":3}},"47":{"start":{"line":97,"column":4},"end":{"line":97,"column":53}},"48":{"start":{"line":99,"column":2},"end":{"line":101,"column":3}},"49":{"start":{"line":100,"column":4},"end":{"line":100,"column":64}},"50":{"start":{"line":103,"column":2},"end":{"line":103,"column":14}},"51":{"start":{"line":106,"column":0},"end":{"line":106,"column":33}}},"branchMap":{"1":{"line":19,"type":"if","locations":[{"start":{"line":19,"column":2},"end":{"line":19,"column":2}},{"start":{"line":19,"column":2},"end":{"line":19,"column":2}}]},"2":{"line":22,"type":"if","locations":[{"start":{"line":22,"column":2},"end":{"line":22,"column":2}},{"start":{"line":22,"column":2},"end":{"line":22,"column":2}}]},"3":{"line":27,"type":"if","locations":[{"start":{"line":27,"column":2},"end":{"line":27,"column":2}},{"start":{"line":27,"column":2},"end":{"line":27,"column":2}}]},"4":{"line":28,"type":"if","locations":[{"start":{"line":28,"column":4},"end":{"line":28,"column":4}},{"start":{"line":28,"column":4},"end":{"line":28,"column":4}}]},"5":{"line":29,"type":"if","locations":[{"start":{"line":29,"column":4},"end":{"line":29,"column":4}},{"start":{"line":29,"column":4},"end":{"line":29,"column":4}}]},"6":{"line":38,"type":"if","locations":[{"start":{"line":38,"column":2},"end":{"line":38,"column":2}},{"start":{"line":38,"column":2},"end":{"line":38,"column":2}}]},"7":{"line":38,"type":"binary-expr","locations":[{"start":{"line":38,"column":6},"end":{"line":38,"column":42}},{"start":{"line":38,"column":46},"end":{"line":38,"column":82}}]},"8":{"line":46,"type":"if","locations":[{"start":{"line":46,"column":8},"end":{"line":46,"column":8}},{"start":{"line":46,"column":8},"end":{"line":46,"column":8}}]},"9":{"line":88,"type":"if","locations":[{"start":{"line":88,"column":4},"end":{"line":88,"column":4}},{"start":{"line":88,"column":4},"end":{"line":88,"column":4}}]},"10":{"line":93,"type":"if","locations":[{"start":{"line":93,"column":2},"end":{"line":93,"column":2}},{"start":{"line":93,"column":2},"end":{"line":93,"column":2}}]},"11":{"line":96,"type":"if","locations":[{"start":{"line":96,"column":2},"end":{"line":96,"column":2}},{"start":{"line":96,"column":2},"end":{"line":96,"column":2}}]},"12":{"line":99,"type":"if","locations":[{"start":{"line":99,"column":2},"end":{"line":99,"column":2}},{"start":{"line":99,"column":2},"end":{"line":99,"column":2}}]}}}}