TN:
SF:/home/fand/dev/youstream/youstream.js
FN:16,(anonymous_1)
FN:39,(anonymous_2)
FN:44,(anonymous_3)
FN:45,(anonymous_4)
FN:60,(anonymous_5)
FN:82,(anonymous_6)
FNF:6
FNH:6
FNDA:16,(anonymous_1)
FNDA:2,(anonymous_2)
FNDA:14,(anonymous_3)
FNDA:14,(anonymous_4)
FNDA:16,(anonymous_5)
FNDA:14,(anonymous_6)
DA:1,1
DA:2,1
DA:3,1
DA:4,1
DA:5,1
DA:16,1
DA:19,16
DA:20,0
DA:22,16
DA:23,16
DA:27,16
DA:28,1
DA:29,1
DA:30,1
DA:34,16
DA:37,16
DA:38,16
DA:39,2
DA:40,2
DA:44,14
DA:45,14
DA:46,14
DA:47,0
DA:51,14
DA:52,14
DA:53,14
DA:55,14
DA:60,16
DA:62,16
DA:63,16
DA:66,16
DA:67,16
DA:68,16
DA:71,16
DA:82,1
DA:83,14
DA:85,14
DA:86,14
DA:87,14
DA:88,14
DA:89,1
DA:93,14
DA:94,1
DA:96,14
DA:97,1
DA:99,14
DA:100,0
DA:103,14
DA:106,1
LF:49
LH:46
BRDA:19,1,0,0
BRDA:19,1,1,16
BRDA:22,2,0,16
BRDA:22,2,1,0
BRDA:27,3,0,1
BRDA:27,3,1,15
BRDA:28,4,0,0
BRDA:28,4,1,1
BRDA:29,5,0,0
BRDA:29,5,1,1
BRDA:38,6,0,2
BRDA:38,6,1,14
BRDA:38,7,0,16
BRDA:38,7,1,14
BRDA:46,8,0,0
BRDA:46,8,1,14
BRDA:88,9,0,1
BRDA:88,9,1,13
BRDA:93,10,0,1
BRDA:93,10,1,13
BRDA:96,11,0,1
BRDA:96,11,1,13
BRDA:99,12,0,0
BRDA:99,12,1,14
BRF:24
BRH:18
end_of_record
